TN:
SF:index.ts
FNF:0
FNH:0
DA:1,1
DA:2,1
DA:3,1
DA:4,1
DA:5,1
DA:6,1
DA:7,1
DA:8,1
DA:9,1
DA:10,1
DA:11,1
DA:12,1
DA:13,1
DA:14,1
DA:15,1
DA:16,1
DA:17,1
DA:18,1
DA:19,1
DA:20,1
DA:21,1
DA:22,3
DA:23,3
DA:24,3
DA:25,3
DA:26,3
DA:27,3
DA:28,3
DA:29,3
DA:30,3
DA:31,3
DA:32,3
DA:33,3
DA:34,3
DA:35,3
DA:36,1
DA:37,1
DA:38,1
DA:39,3
DA:40,3
DA:41,3
DA:42,3
DA:43,3
DA:44,3
DA:45,3
DA:46,3
DA:47,3
DA:48,3
DA:49,3
DA:50,3
DA:51,3
DA:52,1
DA:53,1
DA:54,1
DA:55,2
DA:56,2
DA:57,2
DA:58,2
DA:59,2
DA:60,2
DA:61,0
DA:62,0
DA:63,2
DA:64,1
DA:65,1
DA:66,1
DA:67,1
DA:68,1
DA:69,0
DA:70,0
DA:71,1
DA:72,1
DA:73,1
DA:74,1
DA:75,1
DA:76,1
DA:77,1
DA:78,1
DA:79,1
DA:80,1
DA:81,1
DA:82,1
DA:83,1
LF:83
LH:79
BRDA:21,0,0,3
BRDA:21,1,0,3
BRDA:38,2,0,3
BRDA:38,3,0,3
BRDA:54,4,0,2
BRDA:60,5,0,0
BRDA:66,6,0,1
BRDA:68,7,0,0
BRDA:75,8,0,1
BRF:9
BRH:7
end_of_record
TN:
SF:src/UserRepository.ts
FN:15,UserRepository
FN:19,Object.<anonymous>.UserRepository.findByEmail
FN:35,Object.<anonymous>.UserRepository.save
FN:41,Object.<anonymous>.UserRepository.getAll
FN:51,Object.<anonymous>.UserRepository.getById
FN:60,Object.<anonymous>.UserRepository.delete
FN:64,Object.<anonymous>.UserRepository.exist
FN:70,Object.<anonymous>.UserRepository.update
FN:76,Object.<anonymous>.UserRepository.clear
FNF:9
FNH:6
FNDA:1,UserRepository
FNDA:3,Object.<anonymous>.UserRepository.findByEmail
FNDA:3,Object.<anonymous>.UserRepository.save
FNDA:0,Object.<anonymous>.UserRepository.getAll
FNDA:1,Object.<anonymous>.UserRepository.getById
FNDA:1,Object.<anonymous>.UserRepository.delete
FNDA:0,Object.<anonymous>.UserRepository.exist
FNDA:0,Object.<anonymous>.UserRepository.update
FNDA:3,Object.<anonymous>.UserRepository.clear
DA:1,1
DA:2,1
DA:3,1
DA:4,1
DA:5,1
DA:6,1
DA:7,1
DA:8,1
DA:9,1
DA:10,1
DA:11,1
DA:12,1
DA:13,1
DA:14,1
DA:15,1
DA:16,1
DA:17,1
DA:18,1
DA:19,1
DA:20,3
DA:21,3
DA:22,3
DA:23,3
DA:24,3
DA:25,3
DA:26,3
DA:27,3
DA:28,3
DA:29,0
DA:30,0
DA:31,3
DA:32,3
DA:33,1
DA:34,1
DA:35,1
DA:36,3
DA:37,3
DA:38,3
DA:39,1
DA:40,1
DA:41,1
DA:42,0
DA:43,0
DA:44,0
DA:45,0
DA:46,0
DA:47,0
DA:48,0
DA:49,1
DA:50,1
DA:51,1
DA:52,1
DA:53,1
DA:54,0
DA:55,0
DA:56,1
DA:57,1
DA:58,1
DA:59,1
DA:60,1
DA:61,1
DA:62,1
DA:63,1
DA:64,1
DA:65,0
DA:66,0
DA:67,0
DA:68,1
DA:69,1
DA:70,1
DA:71,0
DA:72,0
DA:73,0
DA:74,0
DA:75,0
DA:76,1
DA:77,3
DA:78,3
DA:79,1
LF:79
LH:60
BRDA:11,0,0,1
BRDA:15,1,0,1
BRDA:19,2,0,3
BRDA:28,3,0,0
BRDA:35,4,0,3
BRDA:51,5,0,1
BRDA:53,6,0,0
BRDA:60,7,0,1
BRDA:76,8,0,3
BRF:9
BRH:7
end_of_record
